============================================================================================== 
Warning! Mixing Conda and module environments may lead to corruption of the
user environment. 
We do not recommend users mixing those two environments unless absolutely
necessary. Note that 
SURF does not provide any support for Conda environment.
For more information, please refer to our software policy page:
https://servicedesk.surf.nl/wiki/display/WIKI/Software+policy+Snellius#SoftwarepolicySnellius-UseofAnacondaandMinicondaenvironmentsonSnellius 

Remember that many packages have already been installed on the system and can
be loaded using 
the 'module load <package__name>' command. If you are uncertain if a package is
already available 
on the system, please use 'module avail' or 'module spider' to search for it.
============================================================================================== 
192

▶️ Folder:  data/datasets/binary_data
[cli_0]: PMIU_write error; fd=16 buf=:cmd=init pmi_version=1 pmi_subversion=1
:
system msg for write_line failure : Bad file descriptor
[cli_0]: PMIU_write error; fd=16 buf=:cmd=abort exitcode=-1 message=PMI_Init failed
:
system msg for write_line failure : Bad file descriptor
[cli_0]: PMIU_write error; fd=16 buf=:cmd=get_appnum
:
system msg for write_line failure : Bad file descriptor
Abort(15): Fatal error in internal_Init_thread: Other MPI error
Traceback (most recent call last):
  File "/gpfs/home3/scur1556/CausalSynergy/main_hc.py", line 98, in <module>
    run_algorithm_synthetic(directory=os.path.join("data", "datasets"), n_jobs= mp.cpu_count() - 1, reps=reps, algorithm=algo_name, algorithm_func=algo_func)
  File "/gpfs/home3/scur1556/CausalSynergy/main_hc.py", line 37, in run_algorithm_synthetic
    pipeline.run(n_jobs=n_jobs)
  File "/gpfs/home3/scur1556/CausalSynergy/pipeline/pipeline.py", line 359, in run
    rep_results = self.create_results()
                  ^^^^^^^^^^^^^^^^^^^^^
  File "/gpfs/home3/scur1556/CausalSynergy/pipeline/pipeline.py", line 330, in create_results
    eval_metrics=self.get_metrics(),
                 ^^^^^^^^^^^^^^^^^^
  File "/gpfs/home3/scur1556/CausalSynergy/pipeline/pipeline.py", line 252, in get_metrics
    collider_metrics, _, _, _ = self.evaluate_colliders(idx)
                                ^^^^^^^^^^^^^^^^^^^^^^^^^^^^
  File "/gpfs/home3/scur1556/CausalSynergy/pipeline/pipeline.py", line 235, in evaluate_colliders
    return evaluate_colliders(self.metadata_by_id[idx], self.learned_graphs[idx], self.df_by_id[idx])
           ^^^^^^^^^^^^^^^^^^^^^^^^^^^^^^^^^^^^^^^^^^^^^^^^^^^^^^^^^^^^^^^^^^^^^^^^^^^^^^^^^^^^^^^^^^
  File "/gpfs/home3/scur1556/CausalSynergy/metrics/graph.py", line 576, in evaluate_colliders
    extra_sc, extra_pw = categorize_colliders(extra, dataset)
                         ^^^^^^^^^^^^^^^^^^^^^^^^^^^^^^^^^^^^
  File "/gpfs/home3/scur1556/CausalSynergy/metrics/synergy.py", line 252, in categorize_colliders
    sorted_triplets = Parallel(n_jobs=5, backend="loky")(
                      ^^^^^^^^^^^^^^^^^^^^^^^^^^^^^^^^^^^
  File "/gpfs/home3/scur1556/CausalSynergy/env/lib/python3.12/site-packages/joblib/parallel.py", line 2007, in __call__
    return output if self.return_generator else list(output)
                                                ^^^^^^^^^^^^
  File "/gpfs/home3/scur1556/CausalSynergy/env/lib/python3.12/site-packages/joblib/parallel.py", line 1650, in _get_outputs
    yield from self._retrieve()
  File "/gpfs/home3/scur1556/CausalSynergy/env/lib/python3.12/site-packages/joblib/parallel.py", line 1754, in _retrieve
    self._raise_error_fast()
  File "/gpfs/home3/scur1556/CausalSynergy/env/lib/python3.12/site-packages/joblib/parallel.py", line 1789, in _raise_error_fast
    error_job.get_result(self.timeout)
  File "/gpfs/home3/scur1556/CausalSynergy/env/lib/python3.12/site-packages/joblib/parallel.py", line 745, in get_result
    return self._return_or_raise()
           ^^^^^^^^^^^^^^^^^^^^^^^
  File "/gpfs/home3/scur1556/CausalSynergy/env/lib/python3.12/site-packages/joblib/parallel.py", line 763, in _return_or_raise
    raise self._result
joblib.externals.loky.process_executor.TerminatedWorkerError: A worker process managed by the executor was unexpectedly terminated. This could be caused by a segmentation fault while calling the function or by an excessive memory usage causing the Operating System to kill the worker.

The exit codes of the workers are {EXIT(15)}
srun: error: tcn817: task 0: Exited with exit code 1
srun: Terminating StepId=20898908.0
