============================================================================================== 
Warning! Mixing Conda and module environments may lead to corruption of the
user environment. 
We do not recommend users mixing those two environments unless absolutely
necessary. Note that 
SURF does not provide any support for Conda environment.
For more information, please refer to our software policy page:
https://servicedesk.surf.nl/wiki/display/WIKI/Software+policy+Snellius#SoftwarepolicySnellius-UseofAnacondaandMinicondaenvironmentsonSnellius 

Remember that many packages have already been installed on the system and can
be loaded using 
the 'module load <package__name>' command. If you are uncertain if a package is
already available 
on the system, please use 'module avail' or 'module spider' to search for it.
============================================================================================== 

    Error importing Cython fast embedding module for HDE estimator.
    When running the HDE estimator, the slow Python implementation for optimizing the HDE embedding will be used,
    this may take a long time. Other estimators are not affected.
    
192

▶️ Folder:  data/datasets/binary_data
✅ Results saved for data/datasets/binary_data

▶️ Folder:  data/datasets/jpmf_data
✅ Results saved for data/datasets/jpmf_data
Traceback (most recent call last):
  File "/gpfs/home3/scur1556/CausalSynergy/main.py", line 119, in <module>
    print_banner(results_banner, color="green")
  File "/gpfs/home3/scur1556/CausalSynergy/utils/console.py", line 13, in print_banner
    width = os.get_terminal_size().columns
            ^^^^^^^^^^^^^^^^^^^^^^
OSError: [Errno 25] Inappropriate ioctl for device
[2J[Hsrun: error: tcn854: task 0: Exited with exit code 1
srun: Terminating StepId=20900650.0
